The system is: Linux - 3.14.1-1-ARCH - i686
Compiling the C compiler identification source file "CMakeCCompilerId.c" succeeded.
Compiler: /usr/bin/cc 
Build flags: 
Id flags: 

The output was:
0


Compilation of the C compiler identification source "CMakeCCompilerId.c" produced "a.out"

The C compiler identification is GNU, found in "/home/xavier/gittest/robot/xiong/normalization-build/CMakeFiles/2.8.12.2/CompilerIdC/a.out"

Compiling the CXX compiler identification source file "CMakeCXXCompilerId.cpp" succeeded.
Compiler: /usr/bin/c++ 
Build flags: 
Id flags: 

The output was:
0


Compilation of the CXX compiler identification source "CMakeCXXCompilerId.cpp" produced "a.out"

The CXX compiler identification is GNU, found in "/home/xavier/gittest/robot/xiong/normalization-build/CMakeFiles/2.8.12.2/CompilerIdCXX/a.out"

Determining if the C compiler works passed with the following output:
Change Dir: /home/xavier/gittest/robot/xiong/normalization-build/CMakeFiles/CMakeTmp

Run Build Command:/usr/bin/make "cmTryCompileExec1746101400/fast"
/usr/bin/make -f CMakeFiles/cmTryCompileExec1746101400.dir/build.make CMakeFiles/cmTryCompileExec1746101400.dir/build
make[1]: Entering directory '/home/xavier/gittest/robot/xiong/normalization-build/CMakeFiles/CMakeTmp'
/usr/bin/cmake -E cmake_progress_report /home/xavier/gittest/robot/xiong/normalization-build/CMakeFiles/CMakeTmp/CMakeFiles 1
Building C object CMakeFiles/cmTryCompileExec1746101400.dir/testCCompiler.c.o
/usr/bin/cc    -o CMakeFiles/cmTryCompileExec1746101400.dir/testCCompiler.c.o   -c /home/xavier/gittest/robot/xiong/normalization-build/CMakeFiles/CMakeTmp/testCCompiler.c
Linking C executable cmTryCompileExec1746101400
/usr/bin/cmake -E cmake_link_script CMakeFiles/cmTryCompileExec1746101400.dir/link.txt --verbose=1
/usr/bin/cc       CMakeFiles/cmTryCompileExec1746101400.dir/testCCompiler.c.o  -o cmTryCompileExec1746101400 -rdynamic 
make[1]: Leaving directory '/home/xavier/gittest/robot/xiong/normalization-build/CMakeFiles/CMakeTmp'


Detecting C compiler ABI info compiled with the following output:
Change Dir: /home/xavier/gittest/robot/xiong/normalization-build/CMakeFiles/CMakeTmp

Run Build Command:/usr/bin/make "cmTryCompileExec529322141/fast"
/usr/bin/make -f CMakeFiles/cmTryCompileExec529322141.dir/build.make CMakeFiles/cmTryCompileExec529322141.dir/build
make[1]: Entering directory '/home/xavier/gittest/robot/xiong/normalization-build/CMakeFiles/CMakeTmp'
/usr/bin/cmake -E cmake_progress_report /home/xavier/gittest/robot/xiong/normalization-build/CMakeFiles/CMakeTmp/CMakeFiles 1
Building C object CMakeFiles/cmTryCompileExec529322141.dir/CMakeCCompilerABI.c.o
/usr/bin/cc    -o CMakeFiles/cmTryCompileExec529322141.dir/CMakeCCompilerABI.c.o   -c /usr/share/cmake-2.8/Modules/CMakeCCompilerABI.c
Linking C executable cmTryCompileExec529322141
/usr/bin/cmake -E cmake_link_script CMakeFiles/cmTryCompileExec529322141.dir/link.txt --verbose=1
/usr/bin/cc     -v CMakeFiles/cmTryCompileExec529322141.dir/CMakeCCompilerABI.c.o  -o cmTryCompileExec529322141 -rdynamic  
Utilisation des specs internes.
COLLECT_GCC=/usr/bin/cc
COLLECT_LTO_WRAPPER=/usr/lib/gcc/i686-pc-linux-gnu/4.8.2/lto-wrapper
Target: i686-pc-linux-gnu
Configuré avec: /build/gcc/src/gcc-4.8-20140206/configure --prefix=/usr --libdir=/usr/lib --libexecdir=/usr/lib --mandir=/usr/share/man --infodir=/usr/share/info --with-bugurl=https://bugs.archlinux.org/ --enable-languages=c,c++,ada,fortran,go,lto,objc,obj-c++ --enable-shared --enable-threads=posix --with-system-zlib --enable-__cxa_atexit --disable-libunwind-exceptions --enable-clocale=gnu --disable-libstdcxx-pch --disable-libssp --enable-gnu-unique-object --enable-linker-build-id --enable-cloog-backend=isl --disable-cloog-version-check --enable-lto --enable-plugin --enable-install-libiberty --with-linker-hash-style=gnu --disable-multilib --disable-werror --enable-checking=release
Modèle de thread: posix
gcc version 4.8.2 20140206 (prerelease) (GCC) 
COMPILER_PATH=/usr/lib/gcc/i686-pc-linux-gnu/4.8.2/:/usr/lib/gcc/i686-pc-linux-gnu/4.8.2/:/usr/lib/gcc/i686-pc-linux-gnu/:/usr/lib/gcc/i686-pc-linux-gnu/4.8.2/:/usr/lib/gcc/i686-pc-linux-gnu/
LIBRARY_PATH=/usr/lib/gcc/i686-pc-linux-gnu/4.8.2/:/usr/lib/gcc/i686-pc-linux-gnu/4.8.2/../../../:/lib/:/usr/lib/
COLLECT_GCC_OPTIONS='-v' '-o' 'cmTryCompileExec529322141' '-rdynamic' '-mtune=generic' '-march=pentiumpro'
 /usr/lib/gcc/i686-pc-linux-gnu/4.8.2/collect2 --build-id --eh-frame-hdr --hash-style=gnu -m elf_i386 -export-dynamic -dynamic-linker /lib/ld-linux.so.2 -o cmTryCompileExec529322141 /usr/lib/gcc/i686-pc-linux-gnu/4.8.2/../../../crt1.o /usr/lib/gcc/i686-pc-linux-gnu/4.8.2/../../../crti.o /usr/lib/gcc/i686-pc-linux-gnu/4.8.2/crtbegin.o -L/usr/lib/gcc/i686-pc-linux-gnu/4.8.2 -L/usr/lib/gcc/i686-pc-linux-gnu/4.8.2/../../.. CMakeFiles/cmTryCompileExec529322141.dir/CMakeCCompilerABI.c.o -lgcc --as-needed -lgcc_s --no-as-needed -lc -lgcc --as-needed -lgcc_s --no-as-needed /usr/lib/gcc/i686-pc-linux-gnu/4.8.2/crtend.o /usr/lib/gcc/i686-pc-linux-gnu/4.8.2/../../../crtn.o
make[1]: Leaving directory '/home/xavier/gittest/robot/xiong/normalization-build/CMakeFiles/CMakeTmp'


Parsed C implicit link information from above output:
  link line regex: [^( *|.*[/\])(ld|([^/\]+-)?ld|collect2)[^/\]*( |$)]
  ignore line: [Change Dir: /home/xavier/gittest/robot/xiong/normalization-build/CMakeFiles/CMakeTmp]
  ignore line: []
  ignore line: [Run Build Command:/usr/bin/make "cmTryCompileExec529322141/fast"]
  ignore line: [/usr/bin/make -f CMakeFiles/cmTryCompileExec529322141.dir/build.make CMakeFiles/cmTryCompileExec529322141.dir/build]
  ignore line: [make[1]: Entering directory '/home/xavier/gittest/robot/xiong/normalization-build/CMakeFiles/CMakeTmp']
  ignore line: [/usr/bin/cmake -E cmake_progress_report /home/xavier/gittest/robot/xiong/normalization-build/CMakeFiles/CMakeTmp/CMakeFiles 1]
  ignore line: [Building C object CMakeFiles/cmTryCompileExec529322141.dir/CMakeCCompilerABI.c.o]
  ignore line: [/usr/bin/cc    -o CMakeFiles/cmTryCompileExec529322141.dir/CMakeCCompilerABI.c.o   -c /usr/share/cmake-2.8/Modules/CMakeCCompilerABI.c]
  ignore line: [Linking C executable cmTryCompileExec529322141]
  ignore line: [/usr/bin/cmake -E cmake_link_script CMakeFiles/cmTryCompileExec529322141.dir/link.txt --verbose=1]
  ignore line: [/usr/bin/cc     -v CMakeFiles/cmTryCompileExec529322141.dir/CMakeCCompilerABI.c.o  -o cmTryCompileExec529322141 -rdynamic  ]
  ignore line: [Utilisation des specs internes.]
  ignore line: [COLLECT_GCC=/usr/bin/cc]
  ignore line: [COLLECT_LTO_WRAPPER=/usr/lib/gcc/i686-pc-linux-gnu/4.8.2/lto-wrapper]
  ignore line: [Target: i686-pc-linux-gnu]
  ignore line: [Configuré avec: /build/gcc/src/gcc-4.8-20140206/configure --prefix=/usr --libdir=/usr/lib --libexecdir=/usr/lib --mandir=/usr/share/man --infodir=/usr/share/info --with-bugurl=https://bugs.archlinux.org/ --enable-languages=c,c++,ada,fortran,go,lto,objc,obj-c++ --enable-shared --enable-threads=posix --with-system-zlib --enable-__cxa_atexit --disable-libunwind-exceptions --enable-clocale=gnu --disable-libstdcxx-pch --disable-libssp --enable-gnu-unique-object --enable-linker-build-id --enable-cloog-backend=isl --disable-cloog-version-check --enable-lto --enable-plugin --enable-install-libiberty --with-linker-hash-style=gnu --disable-multilib --disable-werror --enable-checking=release]
  ignore line: [Modèle de thread: posix]
  ignore line: [gcc version 4.8.2 20140206 (prerelease) (GCC) ]
  ignore line: [COMPILER_PATH=/usr/lib/gcc/i686-pc-linux-gnu/4.8.2/:/usr/lib/gcc/i686-pc-linux-gnu/4.8.2/:/usr/lib/gcc/i686-pc-linux-gnu/:/usr/lib/gcc/i686-pc-linux-gnu/4.8.2/:/usr/lib/gcc/i686-pc-linux-gnu/]
  ignore line: [LIBRARY_PATH=/usr/lib/gcc/i686-pc-linux-gnu/4.8.2/:/usr/lib/gcc/i686-pc-linux-gnu/4.8.2/../../../:/lib/:/usr/lib/]
  ignore line: [COLLECT_GCC_OPTIONS='-v' '-o' 'cmTryCompileExec529322141' '-rdynamic' '-mtune=generic' '-march=pentiumpro']
  link line: [ /usr/lib/gcc/i686-pc-linux-gnu/4.8.2/collect2 --build-id --eh-frame-hdr --hash-style=gnu -m elf_i386 -export-dynamic -dynamic-linker /lib/ld-linux.so.2 -o cmTryCompileExec529322141 /usr/lib/gcc/i686-pc-linux-gnu/4.8.2/../../../crt1.o /usr/lib/gcc/i686-pc-linux-gnu/4.8.2/../../../crti.o /usr/lib/gcc/i686-pc-linux-gnu/4.8.2/crtbegin.o -L/usr/lib/gcc/i686-pc-linux-gnu/4.8.2 -L/usr/lib/gcc/i686-pc-linux-gnu/4.8.2/../../.. CMakeFiles/cmTryCompileExec529322141.dir/CMakeCCompilerABI.c.o -lgcc --as-needed -lgcc_s --no-as-needed -lc -lgcc --as-needed -lgcc_s --no-as-needed /usr/lib/gcc/i686-pc-linux-gnu/4.8.2/crtend.o /usr/lib/gcc/i686-pc-linux-gnu/4.8.2/../../../crtn.o]
    arg [/usr/lib/gcc/i686-pc-linux-gnu/4.8.2/collect2] ==> ignore
    arg [--build-id] ==> ignore
    arg [--eh-frame-hdr] ==> ignore
    arg [--hash-style=gnu] ==> ignore
    arg [-m] ==> ignore
    arg [elf_i386] ==> ignore
    arg [-export-dynamic] ==> ignore
    arg [-dynamic-linker] ==> ignore
    arg [/lib/ld-linux.so.2] ==> ignore
    arg [-o] ==> ignore
    arg [cmTryCompileExec529322141] ==> ignore
    arg [/usr/lib/gcc/i686-pc-linux-gnu/4.8.2/../../../crt1.o] ==> ignore
    arg [/usr/lib/gcc/i686-pc-linux-gnu/4.8.2/../../../crti.o] ==> ignore
    arg [/usr/lib/gcc/i686-pc-linux-gnu/4.8.2/crtbegin.o] ==> ignore
    arg [-L/usr/lib/gcc/i686-pc-linux-gnu/4.8.2] ==> dir [/usr/lib/gcc/i686-pc-linux-gnu/4.8.2]
    arg [-L/usr/lib/gcc/i686-pc-linux-gnu/4.8.2/../../..] ==> dir [/usr/lib/gcc/i686-pc-linux-gnu/4.8.2/../../..]
    arg [CMakeFiles/cmTryCompileExec529322141.dir/CMakeCCompilerABI.c.o] ==> ignore
    arg [-lgcc] ==> lib [gcc]
    arg [--as-needed] ==> ignore
    arg [-lgcc_s] ==> lib [gcc_s]
    arg [--no-as-needed] ==> ignore
    arg [-lc] ==> lib [c]
    arg [-lgcc] ==> lib [gcc]
    arg [--as-needed] ==> ignore
    arg [-lgcc_s] ==> lib [gcc_s]
    arg [--no-as-needed] ==> ignore
    arg [/usr/lib/gcc/i686-pc-linux-gnu/4.8.2/crtend.o] ==> ignore
    arg [/usr/lib/gcc/i686-pc-linux-gnu/4.8.2/../../../crtn.o] ==> ignore
  remove lib [gcc]
  remove lib [gcc_s]
  remove lib [gcc]
  remove lib [gcc_s]
  collapse library dir [/usr/lib/gcc/i686-pc-linux-gnu/4.8.2] ==> [/usr/lib/gcc/i686-pc-linux-gnu/4.8.2]
  collapse library dir [/usr/lib/gcc/i686-pc-linux-gnu/4.8.2/../../..] ==> [/usr/lib]
  implicit libs: [c]
  implicit dirs: [/usr/lib/gcc/i686-pc-linux-gnu/4.8.2;/usr/lib]
  implicit fwks: []


Determining if the CXX compiler works passed with the following output:
Change Dir: /home/xavier/gittest/robot/xiong/normalization-build/CMakeFiles/CMakeTmp

Run Build Command:/usr/bin/make "cmTryCompileExec2061902099/fast"
/usr/bin/make -f CMakeFiles/cmTryCompileExec2061902099.dir/build.make CMakeFiles/cmTryCompileExec2061902099.dir/build
make[1]: Entering directory '/home/xavier/gittest/robot/xiong/normalization-build/CMakeFiles/CMakeTmp'
/usr/bin/cmake -E cmake_progress_report /home/xavier/gittest/robot/xiong/normalization-build/CMakeFiles/CMakeTmp/CMakeFiles 1
Building CXX object CMakeFiles/cmTryCompileExec2061902099.dir/testCXXCompiler.cxx.o
/usr/bin/c++     -o CMakeFiles/cmTryCompileExec2061902099.dir/testCXXCompiler.cxx.o -c /home/xavier/gittest/robot/xiong/normalization-build/CMakeFiles/CMakeTmp/testCXXCompiler.cxx
Linking CXX executable cmTryCompileExec2061902099
/usr/bin/cmake -E cmake_link_script CMakeFiles/cmTryCompileExec2061902099.dir/link.txt --verbose=1
/usr/bin/c++        CMakeFiles/cmTryCompileExec2061902099.dir/testCXXCompiler.cxx.o  -o cmTryCompileExec2061902099 -rdynamic 
make[1]: Leaving directory '/home/xavier/gittest/robot/xiong/normalization-build/CMakeFiles/CMakeTmp'


Detecting CXX compiler ABI info compiled with the following output:
Change Dir: /home/xavier/gittest/robot/xiong/normalization-build/CMakeFiles/CMakeTmp

Run Build Command:/usr/bin/make "cmTryCompileExec2613839157/fast"
/usr/bin/make -f CMakeFiles/cmTryCompileExec2613839157.dir/build.make CMakeFiles/cmTryCompileExec2613839157.dir/build
make[1]: Entering directory '/home/xavier/gittest/robot/xiong/normalization-build/CMakeFiles/CMakeTmp'
/usr/bin/cmake -E cmake_progress_report /home/xavier/gittest/robot/xiong/normalization-build/CMakeFiles/CMakeTmp/CMakeFiles 1
Building CXX object CMakeFiles/cmTryCompileExec2613839157.dir/CMakeCXXCompilerABI.cpp.o
/usr/bin/c++     -o CMakeFiles/cmTryCompileExec2613839157.dir/CMakeCXXCompilerABI.cpp.o -c /usr/share/cmake-2.8/Modules/CMakeCXXCompilerABI.cpp
Linking CXX executable cmTryCompileExec2613839157
/usr/bin/cmake -E cmake_link_script CMakeFiles/cmTryCompileExec2613839157.dir/link.txt --verbose=1
/usr/bin/c++      -v CMakeFiles/cmTryCompileExec2613839157.dir/CMakeCXXCompilerABI.cpp.o  -o cmTryCompileExec2613839157 -rdynamic  
Utilisation des specs internes.
COLLECT_GCC=/usr/bin/c++
COLLECT_LTO_WRAPPER=/usr/lib/gcc/i686-pc-linux-gnu/4.8.2/lto-wrapper
Target: i686-pc-linux-gnu
Configuré avec: /build/gcc/src/gcc-4.8-20140206/configure --prefix=/usr --libdir=/usr/lib --libexecdir=/usr/lib --mandir=/usr/share/man --infodir=/usr/share/info --with-bugurl=https://bugs.archlinux.org/ --enable-languages=c,c++,ada,fortran,go,lto,objc,obj-c++ --enable-shared --enable-threads=posix --with-system-zlib --enable-__cxa_atexit --disable-libunwind-exceptions --enable-clocale=gnu --disable-libstdcxx-pch --disable-libssp --enable-gnu-unique-object --enable-linker-build-id --enable-cloog-backend=isl --disable-cloog-version-check --enable-lto --enable-plugin --enable-install-libiberty --with-linker-hash-style=gnu --disable-multilib --disable-werror --enable-checking=release
Modèle de thread: posix
gcc version 4.8.2 20140206 (prerelease) (GCC) 
COMPILER_PATH=/usr/lib/gcc/i686-pc-linux-gnu/4.8.2/:/usr/lib/gcc/i686-pc-linux-gnu/4.8.2/:/usr/lib/gcc/i686-pc-linux-gnu/:/usr/lib/gcc/i686-pc-linux-gnu/4.8.2/:/usr/lib/gcc/i686-pc-linux-gnu/
LIBRARY_PATH=/usr/lib/gcc/i686-pc-linux-gnu/4.8.2/:/usr/lib/gcc/i686-pc-linux-gnu/4.8.2/../../../:/lib/:/usr/lib/
COLLECT_GCC_OPTIONS='-v' '-o' 'cmTryCompileExec2613839157' '-rdynamic' '-shared-libgcc' '-mtune=generic' '-march=pentiumpro'
 /usr/lib/gcc/i686-pc-linux-gnu/4.8.2/collect2 --build-id --eh-frame-hdr --hash-style=gnu -m elf_i386 -export-dynamic -dynamic-linker /lib/ld-linux.so.2 -o cmTryCompileExec2613839157 /usr/lib/gcc/i686-pc-linux-gnu/4.8.2/../../../crt1.o /usr/lib/gcc/i686-pc-linux-gnu/4.8.2/../../../crti.o /usr/lib/gcc/i686-pc-linux-gnu/4.8.2/crtbegin.o -L/usr/lib/gcc/i686-pc-linux-gnu/4.8.2 -L/usr/lib/gcc/i686-pc-linux-gnu/4.8.2/../../.. CMakeFiles/cmTryCompileExec2613839157.dir/CMakeCXXCompilerABI.cpp.o -lstdc++ -lm -lgcc_s -lgcc -lc -lgcc_s -lgcc /usr/lib/gcc/i686-pc-linux-gnu/4.8.2/crtend.o /usr/lib/gcc/i686-pc-linux-gnu/4.8.2/../../../crtn.o
make[1]: Leaving directory '/home/xavier/gittest/robot/xiong/normalization-build/CMakeFiles/CMakeTmp'


Parsed CXX implicit link information from above output:
  link line regex: [^( *|.*[/\])(ld|([^/\]+-)?ld|collect2)[^/\]*( |$)]
  ignore line: [Change Dir: /home/xavier/gittest/robot/xiong/normalization-build/CMakeFiles/CMakeTmp]
  ignore line: []
  ignore line: [Run Build Command:/usr/bin/make "cmTryCompileExec2613839157/fast"]
  ignore line: [/usr/bin/make -f CMakeFiles/cmTryCompileExec2613839157.dir/build.make CMakeFiles/cmTryCompileExec2613839157.dir/build]
  ignore line: [make[1]: Entering directory '/home/xavier/gittest/robot/xiong/normalization-build/CMakeFiles/CMakeTmp']
  ignore line: [/usr/bin/cmake -E cmake_progress_report /home/xavier/gittest/robot/xiong/normalization-build/CMakeFiles/CMakeTmp/CMakeFiles 1]
  ignore line: [Building CXX object CMakeFiles/cmTryCompileExec2613839157.dir/CMakeCXXCompilerABI.cpp.o]
  ignore line: [/usr/bin/c++     -o CMakeFiles/cmTryCompileExec2613839157.dir/CMakeCXXCompilerABI.cpp.o -c /usr/share/cmake-2.8/Modules/CMakeCXXCompilerABI.cpp]
  ignore line: [Linking CXX executable cmTryCompileExec2613839157]
  ignore line: [/usr/bin/cmake -E cmake_link_script CMakeFiles/cmTryCompileExec2613839157.dir/link.txt --verbose=1]
  ignore line: [/usr/bin/c++      -v CMakeFiles/cmTryCompileExec2613839157.dir/CMakeCXXCompilerABI.cpp.o  -o cmTryCompileExec2613839157 -rdynamic  ]
  ignore line: [Utilisation des specs internes.]
  ignore line: [COLLECT_GCC=/usr/bin/c++]
  ignore line: [COLLECT_LTO_WRAPPER=/usr/lib/gcc/i686-pc-linux-gnu/4.8.2/lto-wrapper]
  ignore line: [Target: i686-pc-linux-gnu]
  ignore line: [Configuré avec: /build/gcc/src/gcc-4.8-20140206/configure --prefix=/usr --libdir=/usr/lib --libexecdir=/usr/lib --mandir=/usr/share/man --infodir=/usr/share/info --with-bugurl=https://bugs.archlinux.org/ --enable-languages=c,c++,ada,fortran,go,lto,objc,obj-c++ --enable-shared --enable-threads=posix --with-system-zlib --enable-__cxa_atexit --disable-libunwind-exceptions --enable-clocale=gnu --disable-libstdcxx-pch --disable-libssp --enable-gnu-unique-object --enable-linker-build-id --enable-cloog-backend=isl --disable-cloog-version-check --enable-lto --enable-plugin --enable-install-libiberty --with-linker-hash-style=gnu --disable-multilib --disable-werror --enable-checking=release]
  ignore line: [Modèle de thread: posix]
  ignore line: [gcc version 4.8.2 20140206 (prerelease) (GCC) ]
  ignore line: [COMPILER_PATH=/usr/lib/gcc/i686-pc-linux-gnu/4.8.2/:/usr/lib/gcc/i686-pc-linux-gnu/4.8.2/:/usr/lib/gcc/i686-pc-linux-gnu/:/usr/lib/gcc/i686-pc-linux-gnu/4.8.2/:/usr/lib/gcc/i686-pc-linux-gnu/]
  ignore line: [LIBRARY_PATH=/usr/lib/gcc/i686-pc-linux-gnu/4.8.2/:/usr/lib/gcc/i686-pc-linux-gnu/4.8.2/../../../:/lib/:/usr/lib/]
  ignore line: [COLLECT_GCC_OPTIONS='-v' '-o' 'cmTryCompileExec2613839157' '-rdynamic' '-shared-libgcc' '-mtune=generic' '-march=pentiumpro']
  link line: [ /usr/lib/gcc/i686-pc-linux-gnu/4.8.2/collect2 --build-id --eh-frame-hdr --hash-style=gnu -m elf_i386 -export-dynamic -dynamic-linker /lib/ld-linux.so.2 -o cmTryCompileExec2613839157 /usr/lib/gcc/i686-pc-linux-gnu/4.8.2/../../../crt1.o /usr/lib/gcc/i686-pc-linux-gnu/4.8.2/../../../crti.o /usr/lib/gcc/i686-pc-linux-gnu/4.8.2/crtbegin.o -L/usr/lib/gcc/i686-pc-linux-gnu/4.8.2 -L/usr/lib/gcc/i686-pc-linux-gnu/4.8.2/../../.. CMakeFiles/cmTryCompileExec2613839157.dir/CMakeCXXCompilerABI.cpp.o -lstdc++ -lm -lgcc_s -lgcc -lc -lgcc_s -lgcc /usr/lib/gcc/i686-pc-linux-gnu/4.8.2/crtend.o /usr/lib/gcc/i686-pc-linux-gnu/4.8.2/../../../crtn.o]
    arg [/usr/lib/gcc/i686-pc-linux-gnu/4.8.2/collect2] ==> ignore
    arg [--build-id] ==> ignore
    arg [--eh-frame-hdr] ==> ignore
    arg [--hash-style=gnu] ==> ignore
    arg [-m] ==> ignore
    arg [elf_i386] ==> ignore
    arg [-export-dynamic] ==> ignore
    arg [-dynamic-linker] ==> ignore
    arg [/lib/ld-linux.so.2] ==> ignore
    arg [-o] ==> ignore
    arg [cmTryCompileExec2613839157] ==> ignore
    arg [/usr/lib/gcc/i686-pc-linux-gnu/4.8.2/../../../crt1.o] ==> ignore
    arg [/usr/lib/gcc/i686-pc-linux-gnu/4.8.2/../../../crti.o] ==> ignore
    arg [/usr/lib/gcc/i686-pc-linux-gnu/4.8.2/crtbegin.o] ==> ignore
    arg [-L/usr/lib/gcc/i686-pc-linux-gnu/4.8.2] ==> dir [/usr/lib/gcc/i686-pc-linux-gnu/4.8.2]
    arg [-L/usr/lib/gcc/i686-pc-linux-gnu/4.8.2/../../..] ==> dir [/usr/lib/gcc/i686-pc-linux-gnu/4.8.2/../../..]
    arg [CMakeFiles/cmTryCompileExec2613839157.dir/CMakeCXXCompilerABI.cpp.o] ==> ignore
    arg [-lstdc++] ==> lib [stdc++]
    arg [-lm] ==> lib [m]
    arg [-lgcc_s] ==> lib [gcc_s]
    arg [-lgcc] ==> lib [gcc]
    arg [-lc] ==> lib [c]
    arg [-lgcc_s] ==> lib [gcc_s]
    arg [-lgcc] ==> lib [gcc]
    arg [/usr/lib/gcc/i686-pc-linux-gnu/4.8.2/crtend.o] ==> ignore
    arg [/usr/lib/gcc/i686-pc-linux-gnu/4.8.2/../../../crtn.o] ==> ignore
  remove lib [gcc_s]
  remove lib [gcc]
  remove lib [gcc_s]
  remove lib [gcc]
  collapse library dir [/usr/lib/gcc/i686-pc-linux-gnu/4.8.2] ==> [/usr/lib/gcc/i686-pc-linux-gnu/4.8.2]
  collapse library dir [/usr/lib/gcc/i686-pc-linux-gnu/4.8.2/../../..] ==> [/usr/lib]
  implicit libs: [stdc++;m;c]
  implicit dirs: [/usr/lib/gcc/i686-pc-linux-gnu/4.8.2;/usr/lib]
  implicit fwks: []


